<?xml version="1.0" encoding="UTF-8"?>
<!-- Generated by org.testng.reporters.JUnitXMLReporter -->
<testsuite hostname="vivek-ubuntu" ignored="0" name="Default test" tests="3" failures="0" timestamp="2020-12-23T14:10:31 IST" time="0.054" errors="0">
  <testcase name="BookHotel_Checkin" time="0.009" classname="Bookings.BookHotel"/>
  <testcase name="BookHotel_Checkout" time="0.001" classname="Bookings.BookHotel"/>
  <testcase name="BookHotel_Destination" time="0.001" classname="Bookings.BookHotel"/>
</testsuite> <!-- Default test -->
