<?xml version="1.0" encoding="UTF-8"?>
<testng-results skipped="0" failed="0" ignored="1" total="10" passed="9">
  <reporter-output>
  </reporter-output>
  <suite name="Suite" duration-ms="64" started-at="2020-12-23T20:41:42 IST" finished-at="2020-12-23T20:41:42 IST">
    <groups>
    </groups>
    <test name="Test" duration-ms="64" started-at="2020-12-23T20:41:42 IST" finished-at="2020-12-23T20:41:42 IST">
      <class name="Bookings.BookHoliday">
        <test-method status="PASS" signature="Bookholiday_Departure()[pri:0, instance:Bookings.BookHoliday@6e0e048a]" name="Bookholiday_Departure" duration-ms="8" started-at="2020-12-23T20:41:42 IST" finished-at="2020-12-23T20:41:42 IST">
          <reporter-output>
          </reporter-output>
        </test-method> <!-- Bookholiday_Departure -->
        <test-method status="PASS" signature="Bookholiday_Destination()[pri:0, instance:Bookings.BookHoliday@6e0e048a]" name="Bookholiday_Destination" duration-ms="2" started-at="2020-12-23T20:41:42 IST" finished-at="2020-12-23T20:41:42 IST">
          <reporter-output>
          </reporter-output>
        </test-method> <!-- Bookholiday_Destination -->
        <test-method status="PASS" signature="Bookholiday_Return()[pri:0, instance:Bookings.BookHoliday@6e0e048a]" name="Bookholiday_Return" duration-ms="1" started-at="2020-12-23T20:41:42 IST" finished-at="2020-12-23T20:41:42 IST">
          <reporter-output>
          </reporter-output>
        </test-method> <!-- Bookholiday_Return -->
      </class> <!-- Bookings.BookHoliday -->
      <class name="Bookings.BookHotel">
        <test-method status="PASS" signature="BookHotel_Checkin()[pri:0, instance:Bookings.BookHotel@5bc79255]" name="BookHotel_Checkin" duration-ms="1" started-at="2020-12-23T20:41:42 IST" finished-at="2020-12-23T20:41:42 IST">
          <reporter-output>
          </reporter-output>
        </test-method> <!-- BookHotel_Checkin -->
        <test-method status="PASS" signature="BookHotel_Checkout()[pri:0, instance:Bookings.BookHotel@5bc79255]" name="BookHotel_Checkout" duration-ms="1" started-at="2020-12-23T20:41:42 IST" finished-at="2020-12-23T20:41:42 IST">
          <reporter-output>
          </reporter-output>
        </test-method> <!-- BookHotel_Checkout -->
        <test-method status="PASS" signature="BookHotel_Destination()[pri:0, instance:Bookings.BookHotel@5bc79255]" name="BookHotel_Destination" duration-ms="1" started-at="2020-12-23T20:41:42 IST" finished-at="2020-12-23T20:41:42 IST">
          <reporter-output>
          </reporter-output>
        </test-method> <!-- BookHotel_Destination -->
      </class> <!-- Bookings.BookHotel -->
      <class name="Bookings.BookFlight">
        <test-method status="PASS" signature="BookFlight_OneWay_TestCase4()[pri:0, instance:Bookings.BookFlight@47ef968d]" name="BookFlight_OneWay_TestCase4" duration-ms="1" started-at="2020-12-23T20:41:42 IST" finished-at="2020-12-23T20:41:42 IST">
          <reporter-output>
          </reporter-output>
        </test-method> <!-- BookFlight_OneWay_TestCase4 -->
        <test-method status="PASS" signature="BookFlight_RoundTrip_TestCase1()[pri:0, instance:Bookings.BookFlight@47ef968d]" name="BookFlight_RoundTrip_TestCase1" duration-ms="1" started-at="2020-12-23T20:41:42 IST" finished-at="2020-12-23T20:41:42 IST">
          <reporter-output>
          </reporter-output>
        </test-method> <!-- BookFlight_RoundTrip_TestCase1 -->
        <test-method status="PASS" signature="BookFlight_RoundTrip_TestCase2()[pri:0, instance:Bookings.BookFlight@47ef968d]" name="BookFlight_RoundTrip_TestCase2" duration-ms="1" started-at="2020-12-23T20:41:42 IST" finished-at="2020-12-23T20:41:42 IST">
          <reporter-output>
          </reporter-output>
        </test-method> <!-- BookFlight_RoundTrip_TestCase2 -->
      </class> <!-- Bookings.BookFlight -->
    </test> <!-- Test -->
  </suite> <!-- Suite -->
</testng-results>
