<?xml version="1.0" encoding="UTF-8"?>
<!-- Generated by org.testng.reporters.JUnitXMLReporter -->
<testsuite hostname="vivek-ubuntu" ignored="5" name="Test" tests="13" failures="0" timestamp="2020-12-24T19:29:50 IST" time="0.05" errors="0">
  <testcase name="tc1" time="0.006" classname="Bookings.ListenerClass1"/>
  <testcase name="CheckinOnline_PNR_Number" time="0.001" classname="OnlineCheckin.CheckinOnline"/>
  <testcase name="CheckinOnline_PNR_Number2" time="0.001" classname="OnlineCheckin.CheckinOnline"/>
  <testcase name="tc1" time="0.001" classname="Bookings.pmt"/>
  <testcase name="testcase1" time="0.001" classname="Bookings.pmtdp"/>
  <testcase name="testcase1" time="0.0" classname="Bookings.pmtdp"/>
  <testcase name="testcase1" time="0.001" classname="Bookings.pmtdp"/>
  <testcase name="testcase1" time="0.001" classname="Bookings.pmtdp"/>
  <testcase name="Bookholiday_Destination" time="0.0" classname="Bookings.BookHoliday"/>
  <testcase name="BookHotel_Checkin" time="0.001" classname="Bookings.BookHotel"/>
  <testcase name="BookHotel_Destination" time="0.001" classname="Bookings.BookHotel"/>
  <testcase name="BookFlight_RoundTrip_TestCase1" time="0.001" classname="Bookings.BookFlight"/>
  <testcase name="BookFlight_RoundTrip_TestCase2" time="0.001" classname="Bookings.BookFlight"/>
  <testcase name="Bookholiday_Return" time="0.0" classname="Bookings.BookHoliday">
    <ignored/>
  </testcase> <!-- Bookholiday_Return -->
  <testcase name="BookFlight_OneWay_TestCase3" time="0.0" classname="Bookings.BookFlight">
    <ignored/>
  </testcase> <!-- BookFlight_OneWay_TestCase3 -->
  <testcase name="BookHotel_Checkout" time="0.0" classname="Bookings.BookHotel">
    <ignored/>
  </testcase> <!-- BookHotel_Checkout -->
  <testcase name="Bookholiday_Departure" time="0.0" classname="Bookings.BookHoliday">
    <ignored/>
  </testcase> <!-- Bookholiday_Departure -->
  <testcase name="BookFlight_OneWay_TestCase4" time="0.0" classname="Bookings.BookFlight">
    <ignored/>
  </testcase> <!-- BookFlight_OneWay_TestCase4 -->
</testsuite> <!-- Test -->
