<?xml version="1.0" encoding="UTF-8"?>
<!-- Generated by org.testng.reporters.JUnitXMLReporter -->
<testsuite hostname="vivek-ubuntu" ignored="1" name="Test" tests="9" failures="0" timestamp="2020-12-23T20:41:42 IST" time="0.064" errors="0">
  <testcase name="Bookholiday_Departure" time="0.008" classname="Bookings.BookHoliday"/>
  <testcase name="Bookholiday_Destination" time="0.002" classname="Bookings.BookHoliday"/>
  <testcase name="Bookholiday_Return" time="0.001" classname="Bookings.BookHoliday"/>
  <testcase name="BookHotel_Checkin" time="0.001" classname="Bookings.BookHotel"/>
  <testcase name="BookHotel_Checkout" time="0.001" classname="Bookings.BookHotel"/>
  <testcase name="BookHotel_Destination" time="0.001" classname="Bookings.BookHotel"/>
  <testcase name="BookFlight_OneWay_TestCase4" time="0.001" classname="Bookings.BookFlight"/>
  <testcase name="BookFlight_RoundTrip_TestCase1" time="0.001" classname="Bookings.BookFlight"/>
  <testcase name="BookFlight_RoundTrip_TestCase2" time="0.001" classname="Bookings.BookFlight"/>
  <testcase name="BookFlight_OneWay_TestCase3" time="0.0" classname="Bookings.BookFlight">
    <ignored/>
  </testcase> <!-- BookFlight_OneWay_TestCase3 -->
</testsuite> <!-- Test -->
